This file contains any messages produced by compilers while
running configure, to aid debugging if configure makes a mistake.

It was created by curl configure -, which was
generated by GNU Autoconf 2.69.  Invocation command line was

  $ ./configure 

## --------- ##
## Platform. ##
## --------- ##

hostname = N22236D1
uname -m = x86_64
uname -r = 3.13.0-39-generic
uname -s = Linux
uname -v = #66-Ubuntu SMP Tue Oct 28 13:30:27 UTC 2014

/usr/bin/uname -p = unknown
/bin/uname -X     = unknown

/bin/arch              = unknown
/usr/bin/arch -k       = unknown
/usr/convex/getsysinfo = unknown
/usr/bin/hostinfo      = unknown
/bin/machine           = unknown
/usr/bin/oslevel       = unknown
/bin/universe          = unknown

PATH: /home/shenggang/bin
PATH: /usr/local/sbin
PATH: /usr/local/bin
PATH: /usr/sbin
PATH: /usr/bin
PATH: /sbin
PATH: /bin
PATH: /usr/games
PATH: /usr/local/games
PATH: /opt/google/adt-bundle-linux-x86_64-20140702/sdk/platform-tools
PATH: /opt/google/android-ndk-r9
PATH: /home/shenggang/workspace/rpi/tools/arm-bcm2708/gcc-linaro-arm-linux-gnueabihf-raspbian/bin


## ----------- ##
## Core tests. ##
## ----------- ##

configure:3045: checking whether to enable maintainer-specific portions of Makefiles
configure:3054: result: no
configure:3069: checking whether to enable debug build options
configure:3088: result: no
configure:3092: checking whether to enable compiler optimizer
configure:3113: result: (assumed) yes
configure:3125: checking whether to enable strict compiler warnings
configure:3144: result: no
configure:3148: checking whether to enable compiler warnings as errors
configure:3167: result: no
configure:3171: checking whether to enable curl debug memory tracking
configure:3190: result: no
configure:3204: checking whether to enable hiding of library internal symbols
configure:3225: result: yes
configure:3236: checking whether to enable c-ares for DNS lookups
configure:3258: result: no
configure:3280: checking for path separator
configure:3282: result: :
configure:3308: checking for sed
configure:3327: found /bin/sed
configure:3340: result: /bin/sed
configure:3357: checking for grep
configure:3376: found /bin/grep
configure:3389: result: /bin/grep
configure:3405: checking for egrep
configure:3408: result: /bin/grep -E
configure:3508: checking for ar
configure:3527: found /usr/bin/ar
configure:3539: result: /usr/bin/ar
configure:3791: checking for a BSD-compatible install
configure:3859: result: /usr/bin/install -c
configure:3921: checking for gcc
configure:3937: found /usr/bin/gcc
configure:3948: result: gcc
configure:4177: checking for C compiler version
configure:4186: gcc --version >&5
gcc (Ubuntu 4.8.2-19ubuntu1) 4.8.2
Copyright (C) 2013 Free Software Foundation, Inc.
This is free software; see the source for copying conditions.  There is NO
warranty; not even for MERCHANTABILITY or FITNESS FOR A PARTICULAR PURPOSE.

configure:4197: $? = 0
configure:4186: gcc -v >&5
Using built-in specs.
COLLECT_GCC=gcc
COLLECT_LTO_WRAPPER=/usr/lib/gcc/x86_64-linux-gnu/4.8/lto-wrapper
Target: x86_64-linux-gnu
Configured with: ../src/configure -v --with-pkgversion='Ubuntu 4.8.2-19ubuntu1' --with-bugurl=file:///usr/share/doc/gcc-4.8/README.Bugs --enable-languages=c,c++,java,go,d,fortran,objc,obj-c++ --prefix=/usr --program-suffix=-4.8 --enable-shared --enable-linker-build-id --libexecdir=/usr/lib --without-included-gettext --enable-threads=posix --with-gxx-include-dir=/usr/include/c++/4.8 --libdir=/usr/lib --enable-nls --with-sysroot=/ --enable-clocale=gnu --enable-libstdcxx-debug --enable-libstdcxx-time=yes --enable-gnu-unique-object --disable-libmudflap --enable-plugin --with-system-zlib --disable-browser-plugin --enable-java-awt=gtk --enable-gtk-cairo --with-java-home=/usr/lib/jvm/java-1.5.0-gcj-4.8-amd64/jre --enable-java-home --with-jvm-root-dir=/usr/lib/jvm/java-1.5.0-gcj-4.8-amd64 --with-jvm-jar-dir=/usr/lib/jvm-exports/java-1.5.0-gcj-4.8-amd64 --with-arch-directory=amd64 --with-ecj-jar=/usr/share/java/eclipse-ecj.jar --enable-objc-gc --enable-multiarch --disable-werror --with-arch-32=i686 --with-abi=m64 --with-multilib-list=m32,m64,mx32 --with-tune=generic --enable-checking=release --build=x86_64-linux-gnu --host=x86_64-linux-gnu --target=x86_64-linux-gnu
Thread model: posix
gcc version 4.8.2 (Ubuntu 4.8.2-19ubuntu1) 
configure:4197: $? = 0
configure:4186: gcc -V >&5
gcc: error: unrecognized command line option '-V'
gcc: fatal error: no input files
compilation terminated.
configure:4197: $? = 4
configure:4186: gcc -qversion >&5
gcc: error: unrecognized command line option '-qversion'
gcc: fatal error: no input files
compilation terminated.
configure:4197: $? = 4
configure:4216: checking whether the C compiler works
configure:4238: gcc    conftest.c  >&5
configure:4242: $? = 0
configure:4290: result: yes
configure:4293: checking for C compiler default output file name
configure:4295: result: a.out
configure:4301: checking for suffix of executables
configure:4308: gcc -o conftest    conftest.c  >&5
configure:4312: $? = 0
configure:4334: result: 
configure:4355: checking whether we are cross compiling
configure:4363: gcc -o conftest    conftest.c  >&5
configure:4367: $? = 0
configure:4374: ./conftest
configure:4378: $? = 0
configure:4393: result: no
configure:4398: checking for suffix of object files
configure:4419: gcc -c   conftest.c >&5
configure:4423: $? = 0
configure:4444: result: o
configure:4448: checking whether we are using the GNU C compiler
configure:4466: gcc -c   conftest.c >&5
configure:4466: $? = 0
configure:4475: result: yes
configure:4484: checking whether gcc accepts -g
configure:4503: gcc -c -g  conftest.c >&5
configure:4503: $? = 0
configure:4542: result: yes
configure:4559: checking for gcc option to accept ISO C89
configure:4621: gcc  -c -g -O2  conftest.c >&5
configure:4621: $? = 0
configure:4634: result: none needed
configure:4659: checking whether gcc understands -c and -o together
configure:4680: gcc -c conftest.c -o conftest2.o
configure:4683: $? = 0
configure:4680: gcc -c conftest.c -o conftest2.o
configure:4683: $? = 0
configure:4695: result: yes
configure:4718: checking how to run the C preprocessor
configure:4749: gcc -E  conftest.c
configure:4749: $? = 0
configure:4763: gcc -E  conftest.c
conftest.c:9:28: fatal error: ac_nonexistent.h: No such file or directory
 #include <ac_nonexistent.h>
                            ^
compilation terminated.
configure:4763: $? = 1
configure: failed program was:
| /* confdefs.h */
| #define PACKAGE_NAME "curl"
| #define PACKAGE_TARNAME "curl"
| #define PACKAGE_VERSION "-"
| #define PACKAGE_STRING "curl -"
| #define PACKAGE_BUGREPORT "a suitable curl mailing list: http://curl.haxx.se/mail/"
| #define PACKAGE_URL ""
| /* end confdefs.h.  */
| #include <ac_nonexistent.h>
configure:4788: result: gcc -E
configure:4808: gcc -E  conftest.c
configure:4808: $? = 0
configure:4822: gcc -E  conftest.c
conftest.c:9:28: fatal error: ac_nonexistent.h: No such file or directory
 #include <ac_nonexistent.h>
                            ^
compilation terminated.
configure:4822: $? = 1
configure: failed program was:
| /* confdefs.h */
| #define PACKAGE_NAME "curl"
| #define PACKAGE_TARNAME "curl"
| #define PACKAGE_VERSION "-"
| #define PACKAGE_STRING "curl -"
| #define PACKAGE_BUGREPORT "a suitable curl mailing list: http://curl.haxx.se/mail/"
| #define PACKAGE_URL ""
| /* end confdefs.h.  */
| #include <ac_nonexistent.h>
configure:4863: checking whether build environment is sane
configure:4918: result: yes
configure:5059: checking for a thread-safe mkdir -p
configure:5098: result: /bin/mkdir -p
configure:5105: checking for gawk
configure:5121: found /usr/bin/gawk
configure:5132: result: gawk
configure:5143: checking whether make sets $(MAKE)
configure:5165: result: yes
configure:5195: checking for style of include used by make
configure:5223: result: GNU
configure:5257: checking whether make supports nested variables
configure:5274: result: yes
configure:5363: checking dependency style of gcc
configure:5474: result: gcc3
configure:5537: checking curl version
configure:5539: result: 7.40.0
configure:5583: checking build system type
configure:5597: result: x86_64-unknown-linux-gnu
configure:5617: checking host system type
configure:5630: result: x86_64-unknown-linux-gnu
configure:5679: checking for sys/types.h
configure:5679: gcc -c   conftest.c >&5
configure:5679: $? = 0
configure:5679: result: yes
configure:5679: checking for stdint.h
configure:5679: gcc -c   conftest.c >&5
configure:5679: $? = 0
configure:5679: result: yes
configure:5679: checking for inttypes.h
configure:5679: gcc -c   conftest.c >&5
configure:5679: $? = 0
configure:5679: result: yes
configure:5692: checking for grep that handles long lines and -e
configure:5750: result: /bin/grep
configure:5755: checking for egrep
configure:5817: result: /bin/grep -E
configure:5822: checking for ANSI C header files
configure:5841: gcc -c   conftest.c >&5
configure:5841: $? = 0
configure:5914: gcc -o conftest    conftest.c  >&5
configure:5914: $? = 0
configure:5914: ./conftest
configure:5914: $? = 0
configure:5925: result: yes
configure:5938: checking for sys/types.h
configure:5938: result: yes
configure:5938: checking for sys/stat.h
configure:5938: gcc -c   conftest.c >&5
configure:5938: $? = 0
configure:5938: result: yes
configure:5938: checking for stdlib.h
configure:5938: gcc -c   conftest.c >&5
configure:5938: $? = 0
configure:5938: result: yes
configure:5938: checking for string.h
configure:5938: gcc -c   conftest.c >&5
configure:5938: $? = 0
configure:5938: result: yes
configure:5938: checking for memory.h
configure:5938: gcc -c   conftest.c >&5
configure:5938: $? = 0
configure:5938: result: yes
configure:5938: checking for strings.h
configure:5938: gcc -c   conftest.c >&5
configure:5938: $? = 0
configure:5938: result: yes
configure:5938: checking for inttypes.h
configure:5938: result: yes
configure:5938: checking for stdint.h
configure:5938: result: yes
configure:5938: checking for unistd.h
configure:5938: gcc -c   conftest.c >&5
configure:5938: $? = 0
configure:5938: result: yes
configure:5961: checking size of long
configure:5966: gcc -o conftest    conftest.c  >&5
configure:5966: $? = 0
configure:5966: ./conftest
configure:5966: $? = 0
configure:5980: result: 8
configure:5994: checking size of void*
configure:5999: gcc -o conftest    conftest.c  >&5
configure:5999: $? = 0
configure:5999: ./conftest
configure:5999: $? = 0
configure:6013: result: 8
configure:6055: checking for 64-bit curl_off_t data type
configure:6105: gcc -c   conftest.c >&5
configure:6105: $? = 0
configure:6167: result: long
configure:6402: checking size of curl_off_t
configure:6404: result: 8
configure:6407: checking formatting string directive for curl_off_t
configure:6447: result: "ld"
configure:6450: checking formatting string directive for unsigned curl_off_t
configure:6452: result: "lu"
configure:6456: checking constant suffix string for curl_off_t
configure:6523: gcc -c   conftest.c >&5
configure:6523: $? = 0
configure:6537: result: L
configure:6539: checking constant suffix string for unsigned curl_off_t
configure:6541: result: UL
configure:6611: checking if OS is AIX (to define _ALL_SOURCE)
configure:6631: result: no
configure:6641: checking if _THREAD_SAFE is already defined
configure:6662: gcc -c   conftest.c >&5
conftest.c: In function 'main':
conftest.c:43:7: error: unknown type name 'force'
       force compilation error
       ^
conftest.c:43:25: error: expected '=', ',', ';', 'asm' or '__attribute__' before 'error'
       force compilation error
                         ^
configure:6662: $? = 1
configure: failed program was:
| /* confdefs.h */
| #define PACKAGE_NAME "curl"
| #define PACKAGE_TARNAME "curl"
| #define PACKAGE_VERSION "-"
| #define PACKAGE_STRING "curl -"
| #define PACKAGE_BUGREPORT "a suitable curl mailing list: http://curl.haxx.se/mail/"
| #define PACKAGE_URL ""
| #define PACKAGE "curl"
| #define VERSION "-"
| #define OS "x86_64-unknown-linux-gnu"
| #define HAVE_SYS_TYPES_H 1
| #define HAVE_STDINT_H 1
| #define HAVE_INTTYPES_H 1
| #define STDC_HEADERS 1
| #define HAVE_SYS_TYPES_H 1
| #define HAVE_SYS_STAT_H 1
| #define HAVE_STDLIB_H 1
| #define HAVE_STRING_H 1
| #define HAVE_MEMORY_H 1
| #define HAVE_STRINGS_H 1
| #define HAVE_INTTYPES_H 1
| #define HAVE_STDINT_H 1
| #define HAVE_UNISTD_H 1
| #define SIZEOF_LONG 8
| #define SIZEOF_VOIDP 8
| #define CURL_TYPEOF_CURL_OFF_T long
| #define CURL_FORMAT_CURL_OFF_T "ld"
| #define CURL_FORMAT_CURL_OFF_TU "lu"
| #define CURL_FORMAT_OFF_T "%ld"
| #define CURL_SIZEOF_CURL_OFF_T 8
| #define CURL_SUFFIX_CURL_OFF_T L
| #define CURL_SUFFIX_CURL_OFF_TU UL
| /* end confdefs.h.  */
| 
| 
| 
| int main (void)
| {
| 
| #ifdef _THREAD_SAFE
|       int dummy=1;
| #else
|       force compilation error
| #endif
| 
|  ;
|  return 0;
| }
| 
configure:6670: result: no
configure:6678: checking if _THREAD_SAFE is actually needed
configure:6697: result: no
configure:6702: checking if _THREAD_SAFE is onwards defined
configure:6719: result: no
configure:6726: checking if _REENTRANT is already defined
configure:6747: gcc -c   conftest.c >&5
conftest.c: In function 'main':
conftest.c:43:7: error: unknown type name 'force'
       force compilation error
       ^
conftest.c:43:25: error: expected '=', ',', ';', 'asm' or '__attribute__' before 'error'
       force compilation error
                         ^
configure:6747: $? = 1
configure: failed program was:
| /* confdefs.h */
| #define PACKAGE_NAME "curl"
| #define PACKAGE_TARNAME "curl"
| #define PACKAGE_VERSION "-"
| #define PACKAGE_STRING "curl -"
| #define PACKAGE_BUGREPORT "a suitable curl mailing list: http://curl.haxx.se/mail/"
| #define PACKAGE_URL ""
| #define PACKAGE "curl"
| #define VERSION "-"
| #define OS "x86_64-unknown-linux-gnu"
| #define HAVE_SYS_TYPES_H 1
| #define HAVE_STDINT_H 1
| #define HAVE_INTTYPES_H 1
| #define STDC_HEADERS 1
| #define HAVE_SYS_TYPES_H 1
| #define HAVE_SYS_STAT_H 1
| #define HAVE_STDLIB_H 1
| #define HAVE_STRING_H 1
| #define HAVE_MEMORY_H 1
| #define HAVE_STRINGS_H 1
| #define HAVE_INTTYPES_H 1
| #define HAVE_STDINT_H 1
| #define HAVE_UNISTD_H 1
| #define SIZEOF_LONG 8
| #define SIZEOF_VOIDP 8
| #define CURL_TYPEOF_CURL_OFF_T long
| #define CURL_FORMAT_CURL_OFF_T "ld"
| #define CURL_FORMAT_CURL_OFF_TU "lu"
| #define CURL_FORMAT_OFF_T "%ld"
| #define CURL_SIZEOF_CURL_OFF_T 8
| #define CURL_SUFFIX_CURL_OFF_T L
| #define CURL_SUFFIX_CURL_OFF_TU UL
| /* end confdefs.h.  */
| 
| 
| 
| int main (void)
| {
| 
| #ifdef _REENTRANT
|       int dummy=1;
| #else
|       force compilation error
| #endif
| 
|  ;
|  return 0;
| }
| 
configure:6755: result: no
configure:6763: checking if _REENTRANT is actually needed
configure:6794: gcc -c   conftest.c >&5
configure:6794: $? = 0
configure:6825: gcc -c   conftest.c >&5
configure:6825: $? = 0
configure:6896: gcc -o conftest    conftest.c  >&5
configure:6896: $? = 0
configure:6975: gcc -o conftest    conftest.c  >&5
configure:6975: $? = 0
configure:7054: gcc -o conftest    conftest.c  >&5
configure:7054: $? = 0
configure:7133: gcc -o conftest    conftest.c  >&5
configure:7133: $? = 0
configure:7212: gcc -o conftest    conftest.c  >&5
/tmp/ccgC3ddX.o: In function `main':
conftest.c:(.text+0xa): undefined reference to `inet_ntoa_r'
collect2: error: ld returned 1 exit status
configure:7212: $? = 1
configure: failed program was:
| /* confdefs.h */
| #define PACKAGE_NAME "curl"
| #define PACKAGE_TARNAME "curl"
| #define PACKAGE_VERSION "-"
| #define PACKAGE_STRING "curl -"
| #define PACKAGE_BUGREPORT "a suitable curl mailing list: http://curl.haxx.se/mail/"
| #define PACKAGE_URL ""
| #define PACKAGE "curl"
| #define VERSION "-"
| #define OS "x86_64-unknown-linux-gnu"
| #define HAVE_SYS_TYPES_H 1
| #define HAVE_STDINT_H 1
| #define HAVE_INTTYPES_H 1
| #define STDC_HEADERS 1
| #define HAVE_SYS_TYPES_H 1
| #define HAVE_SYS_STAT_H 1
| #define HAVE_STDLIB_H 1
| #define HAVE_STRING_H 1
| #define HAVE_MEMORY_H 1
| #define HAVE_STRINGS_H 1
| #define HAVE_INTTYPES_H 1
| #define HAVE_STDINT_H 1
| #define HAVE_UNISTD_H 1
| #define SIZEOF_LONG 8
| #define SIZEOF_VOIDP 8
| #define CURL_TYPEOF_CURL_OFF_T long
| #define CURL_FORMAT_CURL_OFF_T "ld"
| #define CURL_FORMAT_CURL_OFF_TU "lu"
| #define CURL_FORMAT_OFF_T "%ld"
| #define CURL_SIZEOF_CURL_OFF_T 8
| #define CURL_SUFFIX_CURL_OFF_T L
| #define CURL_SUFFIX_CURL_OFF_TU UL
| /* end confdefs.h.  */
| 
| 
| #define inet_ntoa_r innocuous_inet_ntoa_r
| #ifdef __STDC__
| # include <limits.h>
| #else
| # include <assert.h>
| #endif
| #undef inet_ntoa_r
| #ifdef __cplusplus
| extern "C"
| #endif
| char inet_ntoa_r ();
| #if defined __stub_inet_ntoa_r || defined __stub___inet_ntoa_r
| choke me
| #endif
| 
| int main (void)
| {
| return inet_ntoa_r ();
|  ;
|  return 0;
| }
| 
configure:7295: gcc -o conftest    conftest.c  >&5
configure:7295: $? = 0
configure:7374: gcc -o conftest    conftest.c  >&5
configure:7374: $? = 0
configure:7453: gcc -o conftest    conftest.c  >&5
configure:7453: $? = 0
configure:7532: gcc -o conftest    conftest.c  >&5
configure:7532: $? = 0
configure:7588: result: no
configure:7593: checking if _REENTRANT is onwards defined
configure:7610: result: no
configure:7623: checking for special C compiler options needed for large files
configure:7667: result: no
configure:7673: checking for _FILE_OFFSET_BITS value needed for large files
configure:7697: gcc -c   conftest.c >&5
configure:7697: $? = 0
configure:7728: result: no
configure:7858: checking how to print strings
configure:7885: result: printf
configure:7906: checking for a sed that does not truncate output
configure:7970: result: /bin/sed
configure:7988: checking for fgrep
configure:8050: result: /bin/grep -F
configure:8085: checking for ld used by gcc
configure:8152: result: /usr/bin/ld
configure:8159: checking if the linker (/usr/bin/ld) is GNU ld
configure:8174: result: yes
configure:8186: checking for BSD- or MS-compatible name lister (nm)
configure:8235: result: /usr/bin/nm -B
configure:8365: checking the name lister (/usr/bin/nm -B) interface
configure:8372: gcc -c   conftest.c >&5
configure:8375: /usr/bin/nm -B "conftest.o"
configure:8378: output
0000000000000000 B some_variable

## ---------------- ##
## Cache variables. ##
## ---------------- ##

ac_cv_build=x86_64-unknown-linux-gnu
ac_cv_c_compiler_gnu=yes
ac_cv_env_CC_set=
ac_cv_env_CC_value=
ac_cv_env_CFLAGS_set=
ac_cv_env_CFLAGS_value=
ac_cv_env_CPPFLAGS_set=
ac_cv_env_CPPFLAGS_value=
ac_cv_env_CPP_set=
ac_cv_env_CPP_value=
ac_cv_env_LDFLAGS_set=
ac_cv_env_LDFLAGS_value=
ac_cv_env_LIBS_set=
ac_cv_env_LIBS_value=
ac_cv_env_build_alias_set=
ac_cv_env_build_alias_value=
ac_cv_env_host_alias_set=
ac_cv_env_host_alias_value=
ac_cv_env_target_alias_set=
ac_cv_env_target_alias_value=
ac_cv_header_inttypes_h=yes
ac_cv_header_memory_h=yes
ac_cv_header_stdc=yes
ac_cv_header_stdint_h=yes
ac_cv_header_stdlib_h=yes
ac_cv_header_string_h=yes
ac_cv_header_strings_h=yes
ac_cv_header_sys_stat_h=yes
ac_cv_header_sys_types_h=yes
ac_cv_header_unistd_h=yes
ac_cv_host=x86_64-unknown-linux-gnu
ac_cv_objext=o
ac_cv_path_EGREP='/bin/grep -E'
ac_cv_path_FGREP='/bin/grep -F'
ac_cv_path_GREP=/bin/grep
ac_cv_path_SED=/bin/sed
ac_cv_path_ac_pt_AR=/usr/bin/ar
ac_cv_path_install='/usr/bin/install -c'
ac_cv_path_mkdir=/bin/mkdir
ac_cv_prog_AWK=gawk
ac_cv_prog_CPP='gcc -E'
ac_cv_prog_ac_ct_CC=gcc
ac_cv_prog_cc_c89=
ac_cv_prog_cc_g=yes
ac_cv_prog_make_make_set=yes
ac_cv_sizeof_long=8
ac_cv_sizeof_voidp=8
ac_cv_sys_file_offset_bits=no
ac_cv_sys_largefile_CC=no
am_cv_CC_dependencies_compiler_type=gcc3
am_cv_make_support_nested_variables=yes
am_cv_prog_cc_c_o=yes
lt_cv_nm_interface='BSD nm'
lt_cv_path_LD=/usr/bin/ld
lt_cv_path_NM='/usr/bin/nm -B'
lt_cv_prog_gnu_ld=yes

## ----------------- ##
## Output variables. ##
## ----------------- ##

ACLOCAL='${SHELL} "/home/shenggang/workspace2/TransMissionBT/curl-7.40.0/missing" --run aclocal-1.14'
AMDEPBACKSLASH='\'
AMDEP_FALSE='#'
AMDEP_TRUE=''
AMTAR='$${TAR-tar}'
AM_BACKSLASH='\'
AM_DEFAULT_V='$(AM_DEFAULT_VERBOSITY)'
AM_DEFAULT_VERBOSITY='1'
AM_V='$(V)'
AR='/usr/bin/ar'
AS=''
AUTOCONF='${SHELL} "/home/shenggang/workspace2/TransMissionBT/curl-7.40.0/missing" --run autoconf'
AUTOHEADER='${SHELL} "/home/shenggang/workspace2/TransMissionBT/curl-7.40.0/missing" --run autoheader'
AUTOMAKE='${SHELL} "/home/shenggang/workspace2/TransMissionBT/curl-7.40.0/missing" --run automake-1.14'
AWK='gawk'
BLANK_AT_MAKETIME=''
BUILD_LIBHOSTNAME_FALSE=''
BUILD_LIBHOSTNAME_TRUE=''
BUILD_UNITTESTS_FALSE=''
BUILD_UNITTESTS_TRUE=''
CC='gcc'
CCDEPMODE='depmode=gcc3'
CFLAGS=''
CFLAG_CURL_SYMBOL_HIDING=''
CONFIGURE_OPTIONS='""'
CPP='gcc -E'
CPPFLAGS=''
CPPFLAG_CURL_STATICLIB=''
CROSSCOMPILING_FALSE=''
CROSSCOMPILING_TRUE=''
CURLDEBUG_FALSE=''
CURLDEBUG_TRUE=''
CURLVERSION='7.40.0'
CURL_CA_BUNDLE=''
CURL_CFLAG_EXTRAS=''
CURL_DISABLE_DICT=''
CURL_DISABLE_FILE=''
CURL_DISABLE_FTP=''
CURL_DISABLE_GOPHER=''
CURL_DISABLE_HTTP=''
CURL_DISABLE_IMAP=''
CURL_DISABLE_LDAP=''
CURL_DISABLE_LDAPS=''
CURL_DISABLE_POP3=''
CURL_DISABLE_PROXY=''
CURL_DISABLE_RTSP=''
CURL_DISABLE_SMB=''
CURL_DISABLE_SMTP=''
CURL_DISABLE_TELNET=''
CURL_DISABLE_TFTP=''
CURL_LT_SHLIB_USE_MIMPURE_TEXT_FALSE=''
CURL_LT_SHLIB_USE_MIMPURE_TEXT_TRUE=''
CURL_LT_SHLIB_USE_NO_UNDEFINED_FALSE=''
CURL_LT_SHLIB_USE_NO_UNDEFINED_TRUE=''
CURL_LT_SHLIB_USE_VERSIONED_SYMBOLS_FALSE=''
CURL_LT_SHLIB_USE_VERSIONED_SYMBOLS_TRUE=''
CURL_LT_SHLIB_USE_VERSION_INFO_FALSE=''
CURL_LT_SHLIB_USE_VERSION_INFO_TRUE=''
CURL_LT_SHLIB_VERSIONED_FLAVOUR=''
CURL_NETWORK_AND_TIME_LIBS=''
CURL_NETWORK_LIBS=''
CYGPATH_W='echo'
DEFS=''
DEPDIR='.deps'
DLLTOOL=''
DOING_CURL_SYMBOL_HIDING_FALSE=''
DOING_CURL_SYMBOL_HIDING_TRUE=''
DOING_NATIVE_WINDOWS_FALSE=''
DOING_NATIVE_WINDOWS_TRUE=''
DSYMUTIL=''
DUMPBIN=''
ECHO_C=''
ECHO_N='-n'
ECHO_T=''
EGREP='/bin/grep -E'
ENABLE_SHARED=''
ENABLE_STATIC=''
EXEEXT=''
FGREP='/bin/grep -F'
GREP='/bin/grep'
HAVE_GNUTLS_SRP=''
HAVE_LDAP_SSL=''
HAVE_LIBZ=''
HAVE_LIBZ_FALSE=''
HAVE_LIBZ_TRUE=''
HAVE_SSLEAY_SRP=''
IDN_ENABLED=''
INSTALL_DATA='${INSTALL} -m 644'
INSTALL_PROGRAM='${INSTALL}'
INSTALL_SCRIPT='${INSTALL}'
INSTALL_STRIP_PROGRAM='$(install_sh) -c -s'
IPV6_ENABLED=''
LD='/usr/bin/ld'
LDFLAGS=''
LIBCURL_LIBS=''
LIBMETALINK_CPPFLAGS=''
LIBMETALINK_LDFLAGS=''
LIBMETALINK_LIBS=''
LIBOBJS=''
LIBS=''
LIBTOOL=''
LIPO=''
LN_S=''
LTLIBOBJS=''
MAINT='#'
MAINTAINER_MODE_FALSE=''
MAINTAINER_MODE_TRUE='#'
MAKEINFO='${SHELL} "/home/shenggang/workspace2/TransMissionBT/curl-7.40.0/missing" --run makeinfo'
MANIFEST_TOOL=''
MANOPT=''
MKDIR_P='/bin/mkdir -p'
NM='/usr/bin/nm -B'
NMEDIT=''
NROFF=''
NSS_LIBS=''
OBJDUMP=''
OBJEXT='o'
OTOOL64=''
OTOOL=''
PACKAGE='curl'
PACKAGE_BUGREPORT='a suitable curl mailing list: http://curl.haxx.se/mail/'
PACKAGE_NAME='curl'
PACKAGE_STRING='curl -'
PACKAGE_TARNAME='curl'
PACKAGE_URL=''
PACKAGE_VERSION='-'
PATH_SEPARATOR=':'
PERL=''
PKGADD_NAME='cURL - a client that groks URLs'
PKGADD_PKG='HAXXcurl'
PKGADD_VENDOR='curl.haxx.se'
PKGCONFIG=''
RANDOM_FILE=''
RANLIB=''
REQUIRE_LIB_DEPS=''
SED='/bin/sed'
SET_MAKE=''
SHELL='/bin/bash'
SONAME_BUMP_FALSE=''
SONAME_BUMP_TRUE=''
SSL_ENABLED=''
STRIP=''
SUPPORT_FEATURES=''
SUPPORT_PROTOCOLS=''
USE_ARES=''
USE_AXTLS=''
USE_CPPFLAG_CURL_STATICLIB_FALSE=''
USE_CPPFLAG_CURL_STATICLIB_TRUE=''
USE_CYASSL=''
USE_DARWINSSL=''
USE_EMBEDDED_ARES_FALSE=''
USE_EMBEDDED_ARES_TRUE=''
USE_EXPLICIT_LIB_DEPS_FALSE=''
USE_EXPLICIT_LIB_DEPS_TRUE=''
USE_GNUTLS=''
USE_GNUTLS_NETTLE=''
USE_LIBRTMP=''
USE_LIBSSH2=''
USE_MANUAL_FALSE=''
USE_MANUAL_TRUE=''
USE_NGHTTP2=''
USE_NSS=''
USE_OPENLDAP=''
USE_POLARSSL=''
USE_SCHANNEL=''
USE_SSLEAY=''
USE_UNIX_SOCKETS=''
USE_WINDOWS_SSPI=''
VERSION='-'
VERSIONNUM='072800'
ZLIB_LIBS=''
ac_ct_AR=''
ac_ct_CC='gcc'
ac_ct_DUMPBIN=''
am__EXEEXT_FALSE=''
am__EXEEXT_TRUE=''
am__fastdepCC_FALSE='#'
am__fastdepCC_TRUE=''
am__include='include'
am__isrc=''
am__leading_dot='.'
am__nodep='_no'
am__quote=''
am__tar='$${TAR-tar} chof - "$$tardir"'
am__untar='$${TAR-tar} xf -'
bindir='${exec_prefix}/bin'
build='x86_64-unknown-linux-gnu'
build_alias=''
build_cpu='x86_64'
build_os='linux-gnu'
build_vendor='unknown'
datadir='${datarootdir}'
datarootdir='${prefix}/share'
docdir='${datarootdir}/doc/${PACKAGE_TARNAME}'
dvidir='${docdir}'
exec_prefix='NONE'
host='x86_64-unknown-linux-gnu'
host_alias=''
host_cpu='x86_64'
host_os='linux-gnu'
host_vendor='unknown'
htmldir='${docdir}'
includedir='${prefix}/include'
infodir='${datarootdir}/info'
install_sh='${SHELL} /home/shenggang/workspace2/TransMissionBT/curl-7.40.0/install-sh'
libdir='${exec_prefix}/lib'
libexecdir='${exec_prefix}/libexec'
libext=''
localedir='${datarootdir}/locale'
localstatedir='${prefix}/var'
mandir='${datarootdir}/man'
mkdir_p='$(MKDIR_P)'
oldincludedir='/usr/include'
pdfdir='${docdir}'
prefix='NONE'
program_transform_name='s,x,x,'
psdir='${docdir}'
sbindir='${exec_prefix}/sbin'
sharedstatedir='${prefix}/com'
subdirs=''
sysconfdir='${prefix}/etc'
target_alias=''

## ----------- ##
## confdefs.h. ##
## ----------- ##

/* confdefs.h */
#define PACKAGE_NAME "curl"
#define PACKAGE_TARNAME "curl"
#define PACKAGE_VERSION "-"
#define PACKAGE_STRING "curl -"
#define PACKAGE_BUGREPORT "a suitable curl mailing list: http://curl.haxx.se/mail/"
#define PACKAGE_URL ""
#define PACKAGE "curl"
#define VERSION "-"
#define OS "x86_64-unknown-linux-gnu"
#define HAVE_SYS_TYPES_H 1
#define HAVE_STDINT_H 1
#define HAVE_INTTYPES_H 1
#define STDC_HEADERS 1
#define HAVE_SYS_TYPES_H 1
#define HAVE_SYS_STAT_H 1
#define HAVE_STDLIB_H 1
#define HAVE_STRING_H 1
#define HAVE_MEMORY_H 1
#define HAVE_STRINGS_H 1
#define HAVE_INTTYPES_H 1
#define HAVE_STDINT_H 1
#define HAVE_UNISTD_H 1
#define SIZEOF_LONG 8
#define SIZEOF_VOIDP 8
#define CURL_TYPEOF_CURL_OFF_T long
#define CURL_FORMAT_CURL_OFF_T "ld"
#define CURL_FORMAT_CURL_OFF_TU "lu"
#define CURL_FORMAT_OFF_T "%ld"
#define CURL_SIZEOF_CURL_OFF_T 8
#define CURL_SUFFIX_CURL_OFF_T L
#define CURL_SUFFIX_CURL_OFF_TU UL

configure: caught signal 2
configure: exit 1
